INFO: [VRFC 10-2263] Analyzing SystemVerilog file "E:/Vivado Projects/pcs/pcs.srcs/sources_1/new/pcs_types_pkg.sv" into library xil_defaultlib
INFO: [VRFC 10-2263] Analyzing SystemVerilog file "E:/Vivado Projects/pcs/pcs.srcs/sources_1/new/pcs_receive_fsm.sv" into library xil_defaultlib
INFO: [VRFC 10-311] analyzing module pcs_receive_fsm
INFO: [VRFC 10-2263] Analyzing SystemVerilog file "E:/Vivado Projects/pcs/pcs.srcs/sources_1/new/pcs_rx_block.sv" into library xil_defaultlib
INFO: [VRFC 10-311] analyzing module pcs_rx_block
INFO: [VRFC 10-2263] Analyzing SystemVerilog file "E:/Vivado Projects/pcs/pcs.srcs/sources_1/new/pcs_rx_descrambler.sv" into library xil_defaultlib
INFO: [VRFC 10-311] analyzing module pcs_rx_descrambler
INFO: [VRFC 10-2263] Analyzing SystemVerilog file "E:/Vivado Projects/pcs/pcs.srcs/sources_1/new/pcs_rx_pipeline.sv" into library xil_defaultlib
INFO: [VRFC 10-311] analyzing module pcs_rx_pipeline
INFO: [VRFC 10-2263] Analyzing SystemVerilog file "E:/Vivado Projects/pcs/pcs.srcs/sources_1/new/pcs_rx_sign_decoder.sv" into library xil_defaultlib
INFO: [VRFC 10-311] analyzing module pcs_rx_sign_decoder
INFO: [VRFC 10-2263] Analyzing SystemVerilog file "E:/Vivado Projects/pcs/pcs.srcs/sources_1/new/pcs_rx_symbol_decoder.sv" into library xil_defaultlib
INFO: [VRFC 10-311] analyzing module pcs_rx_symbol_decoder
INFO: [VRFC 10-2263] Analyzing SystemVerilog file "E:/Vivado Projects/pcs/pcs.srcs/sources_1/new/pcs_sign_reversal.sv" into library xil_defaultlib
INFO: [VRFC 10-311] analyzing module pcs_sign_reversal
INFO: [VRFC 10-2263] Analyzing SystemVerilog file "E:/Vivado Projects/pcs/pcs.srcs/sources_1/new/pcs_symbol_mapper.sv" into library xil_defaultlib
INFO: [VRFC 10-311] analyzing module pcs_symbol_mapper
INFO: [VRFC 10-2263] Analyzing SystemVerilog file "E:/Vivado Projects/pcs/pcs.srcs/sources_1/new/pcs_transmit_fsm.sv" into library xil_defaultlib
INFO: [VRFC 10-311] analyzing module pcs_transmit_fsm
INFO: [VRFC 10-2263] Analyzing SystemVerilog file "E:/Vivado Projects/pcs/pcs.srcs/sources_1/new/pcs_tx_block.sv" into library xil_defaultlib
INFO: [VRFC 10-311] analyzing module pcs_tx_block
INFO: [VRFC 10-2263] Analyzing SystemVerilog file "E:/Vivado Projects/pcs/pcs.srcs/sources_1/new/pcs_tx_enable_fsm.sv" into library xil_defaultlib
INFO: [VRFC 10-311] analyzing module pcs_tx_enable_fsm
INFO: [VRFC 10-2263] Analyzing SystemVerilog file "E:/Vivado Projects/pcs/pcs.srcs/sources_1/new/pcs_tx_scrambler.sv" into library xil_defaultlib
INFO: [VRFC 10-311] analyzing module pcs_tx_scrambler
INFO: [VRFC 10-2263] Analyzing SystemVerilog file "E:/Vivado Projects/pcs/pcs.srcs/sim_1/new/tb_pcs_loopback.sv" into library xil_defaultlib
INFO: [VRFC 10-311] analyzing module tb_pcs_loopback
